{
  "RSpec": {
    "coverage": {
      "/Users/fedorius/Work/interviews/restaurant-crossover/api-pos/spec/models/payment_spec.rb": [
        1,
        null,
        1,
        1,
        3,
        3,
        3,
        3,
        null,
        null,
        1,
        1,
        1,
        null,
        null,
        1,
        1,
        null,
        null,
        1,
        1,
        null,
        null,
        1,
        1,
        null,
        null,
        null
      ],
      "/Users/fedorius/Work/interviews/restaurant-crossover/api-pos/app/models/payment.rb": [
        1,
        1,
        1,
        1,
        null
      ],
      "/Users/fedorius/Work/interviews/restaurant-crossover/api-pos/spec/models/product_spec.rb": [
        1,
        null,
        1,
        1,
        1,
        1,
        1,
        null,
        null,
        null,
        1,
        6,
        null,
        1,
        1,
        null,
        null,
        1,
        1,
        null,
        null,
        1,
        1,
        null,
        null,
        1,
        1,
        null,
        null,
        1,
        1,
        null,
        null,
        null,
        1,
        1,
        1,
        1,
        null,
        1,
        null,
        null,
        null
      ],
      "/Users/fedorius/Work/interviews/restaurant-crossover/api-pos/app/models/product.rb": [
        1,
        1,
        null,
        1,
        1,
        1,
        1,
        null,
        1,
        null,
        3,
        null
      ],
      "/Users/fedorius/Work/interviews/restaurant-crossover/api-pos/spec/models/report_spec.rb": [
        1,
        null,
        1,
        7,
        null,
        1,
        1,
        1,
        null,
        null,
        null,
        1,
        1,
        1,
        1,
        null,
        null,
        1,
        1,
        1,
        null,
        null,
        1,
        1,
        1,
        null,
        null,
        null,
        1,
        1,
        1,
        1,
        null,
        null,
        1,
        1,
        1,
        1,
        null,
        1,
        1,
        null,
        null,
        null,
        1,
        2,
        null,
        1,
        1,
        1,
        1,
        1,
        null,
        null,
        1,
        1,
        null,
        1,
        null,
        1,
        1,
        null,
        null,
        1,
        1,
        null,
        null,
        null
      ],
      "/Users/fedorius/Work/interviews/restaurant-crossover/api-pos/app/models/report.rb": [
        1,
        1,
        null,
        1,
        1,
        1,
        null,
        1,
        12,
        0,
        null,
        12,
        1,
        null,
        null,
        null,
        1,
        null,
        30,
        28,
        null,
        2,
        null,
        11,
        null,
        null,
        1,
        34,
        null,
        34,
        null,
        31,
        88,
        null,
        null,
        null,
        1,
        4,
        null,
        1,
        9,
        27,
        null,
        null,
        null,
        1,
        3,
        null,
        null,
        1,
        null,
        null,
        1,
        4,
        null,
        null
      ],
      "/Users/fedorius/Work/interviews/restaurant-crossover/api-pos/spec/models/restaurant_spec.rb": [
        1,
        null,
        1,
        1,
        2,
        1,
        null,
        null,
        1,
        1,
        null,
        null,
        1,
        1,
        1,
        null,
        1,
        null,
        null,
        1,
        1,
        1,
        null,
        1,
        null,
        null
      ],
      "/Users/fedorius/Work/interviews/restaurant-crossover/api-pos/app/models/restaurant.rb": [
        1,
        1,
        1,
        null,
        1,
        null,
        1,
        11,
        null,
        null
      ],
      "/Users/fedorius/Work/interviews/restaurant-crossover/api-pos/spec/models/table_spec.rb": [
        1,
        null,
        1,
        1,
        1,
        2,
        null,
        null,
        1,
        4,
        4,
        4,
        4,
        4,
        null,
        null,
        null,
        1,
        1,
        4,
        4,
        null,
        null,
        1,
        1,
        null,
        null,
        1,
        1,
        1,
        null,
        null,
        1,
        1,
        1,
        null,
        null,
        1,
        1,
        1,
        null,
        null,
        null
      ],
      "/Users/fedorius/Work/interviews/restaurant-crossover/api-pos/app/models/table.rb": [
        1,
        1,
        null,
        null,
        1,
        1,
        1,
        null,
        1,
        1,
        1,
        null,
        1,
        null,
        1,
        null,
        1,
        360,
        null,
        null,
        1,
        168,
        65,
        65,
        null,
        null,
        null,
        null,
        1,
        168,
        0,
        null,
        null,
        null,
        1,
        168,
        0,
        null,
        null,
        null,
        1,
        168,
        null,
        null,
        1,
        168,
        null,
        null,
        1,
        0,
        null,
        null,
        1,
        257,
        null,
        null,
        1,
        172,
        172,
        null,
        null,
        1,
        257,
        null,
        null,
        1,
        25,
        22,
        43,
        null,
        null,
        null,
        null
      ],
      "/Users/fedorius/Work/interviews/restaurant-crossover/api-pos/spec/models/waiter_spec.rb": [
        1,
        null,
        1,
        1,
        1,
        1,
        1,
        1,
        null,
        null,
        null,
        1,
        2,
        null,
        1,
        1,
        null,
        null,
        null
      ],
      "/Users/fedorius/Work/interviews/restaurant-crossover/api-pos/app/models/waiter.rb": [
        1,
        1,
        1,
        null
      ],
      "/Users/fedorius/Work/interviews/restaurant-crossover/api-pos/spec/requests/auth_spec.rb": [
        1,
        null,
        1,
        3,
        2,
        null,
        3,
        2,
        null,
        1,
        1,
        1,
        1,
        1,
        null,
        null,
        1,
        1,
        1,
        1,
        null,
        null,
        1,
        1,
        1,
        1,
        null,
        null,
        null
      ],
      "/Users/fedorius/Work/interviews/restaurant-crossover/api-pos/spec/requests/v1/product_categories_spec.rb": [
        1,
        null,
        1,
        1,
        1,
        1,
        1,
        null,
        null,
        null,
        1,
        1,
        1,
        null,
        null,
        1,
        1,
        1,
        1,
        null,
        1,
        1,
        null,
        1,
        null,
        null,
        null,
        null
      ],
      "/Users/fedorius/Work/interviews/restaurant-crossover/api-pos/spec/requests/v1/products_spec.rb": [
        1,
        null,
        1,
        1,
        1,
        1,
        1,
        null,
        null,
        null,
        1,
        1,
        4,
        null,
        null,
        1,
        1,
        1,
        null,
        1,
        1,
        null,
        1,
        null,
        null,
        null,
        1,
        1,
        1,
        null,
        1,
        1,
        null,
        1,
        null,
        null,
        null,
        1,
        1,
        1,
        1,
        1,
        null,
        null,
        null,
        1,
        1,
        1,
        null,
        1,
        1,
        1,
        1,
        null,
        null,
        null,
        null
      ],
      "/Users/fedorius/Work/interviews/restaurant-crossover/api-pos/spec/requests/v1/reports_spec.rb": [
        1,
        null,
        1,
        1,
        1,
        1,
        1,
        null,
        null,
        null,
        1,
        1,
        4,
        4,
        null,
        null,
        1,
        1,
        1,
        1,
        null,
        1,
        1,
        null,
        1,
        1,
        1,
        1,
        null,
        null,
        null,
        1,
        1,
        1,
        null,
        1,
        1,
        null,
        1,
        null,
        null,
        null,
        1,
        1,
        1,
        1,
        2,
        null,
        1,
        1,
        null,
        null,
        null,
        1,
        1,
        1,
        1,
        null,
        1,
        1,
        1,
        null,
        1,
        1,
        null,
        null,
        null,
        null
      ],
      "/Users/fedorius/Work/interviews/restaurant-crossover/api-pos/spec/requests/v1/restaurant_spec.rb": [
        1,
        null,
        1,
        1,
        1,
        1,
        1,
        null,
        null,
        null,
        1,
        1,
        3,
        null,
        null,
        1,
        1,
        1,
        1,
        null,
        1,
        1,
        1,
        null,
        null,
        null,
        1,
        1,
        1,
        null,
        1,
        null,
        1,
        1,
        1,
        1,
        null,
        null,
        1,
        1,
        null,
        1,
        null,
        1,
        1,
        1,
        1,
        null,
        null,
        null,
        null,
        null
      ],
      "/Users/fedorius/Work/interviews/restaurant-crossover/api-pos/spec/requests/v1/table_consumption_spec.rb": [
        1,
        null,
        1,
        1,
        1,
        1,
        1,
        null,
        null,
        null,
        1,
        1,
        2,
        null,
        null,
        1,
        2,
        2,
        null,
        null,
        2,
        1,
        null,
        1,
        1,
        1,
        1,
        null,
        1,
        null,
        1,
        1,
        1,
        1,
        1,
        null,
        null,
        null,
        1,
        1,
        1,
        null,
        1,
        null,
        null,
        null,
        null,
        null,
        null,
        1,
        1,
        null,
        null,
        null,
        null
      ],
      "/Users/fedorius/Work/interviews/restaurant-crossover/api-pos/spec/requests/v1/tables_spec.rb": [
        1,
        null,
        1,
        1,
        1,
        1,
        1,
        null,
        null,
        null,
        1,
        1,
        2,
        null,
        null,
        1,
        1,
        1,
        1,
        1,
        null,
        1,
        null,
        null,
        null,
        1,
        1,
        1,
        1,
        1,
        null,
        null,
        null,
        null
      ],
      "/Users/fedorius/Work/interviews/restaurant-crossover/api-pos/spec/requests/v1/waiters_spec.rb": [
        1,
        null,
        1,
        1,
        1,
        1,
        1,
        null,
        null,
        null,
        1,
        1,
        4,
        null,
        null,
        1,
        1,
        1,
        1,
        1,
        null,
        1,
        1,
        null,
        1,
        null,
        null,
        null,
        1,
        1,
        1,
        null,
        1,
        1,
        null,
        1,
        null,
        null,
        null,
        1,
        1,
        1,
        1,
        1,
        null,
        null,
        null,
        1,
        1,
        1,
        null,
        1,
        1,
        1,
        1,
        null,
        null,
        null,
        null
      ],
      "/Users/fedorius/Work/interviews/restaurant-crossover/api-pos/app/models/product_consumption.rb": [
        1,
        1,
        1,
        null,
        1,
        1,
        null
      ],
      "/Users/fedorius/Work/interviews/restaurant-crossover/api-pos/app/models/product_category.rb": [
        1,
        1,
        null
      ],
      "/Users/fedorius/Work/interviews/restaurant-crossover/api-pos/lib/include/reporters/sales.rb": [
        1,
        1,
        1,
        1,
        1,
        1,
        1,
        null,
        1,
        1,
        1,
        1,
        1,
        1,
        null,
        null,
        1,
        9,
        9,
        9,
        9,
        9,
        null,
        null,
        null
      ],
      "/Users/fedorius/Work/interviews/restaurant-crossover/api-pos/lib/include/reporters/base.rb": [
        1,
        1,
        1,
        null,
        null,
        1,
        null,
        null,
        null
      ],
      "/Users/fedorius/Work/interviews/restaurant-crossover/api-pos/lib/include/reporters/tip_per_waiter.rb": [
        1,
        1,
        1,
        null,
        1,
        1,
        null,
        null,
        1,
        9,
        null,
        9,
        9,
        null,
        0,
        null,
        null,
        null,
        null,
        null,
        null,
        null,
        null,
        null
      ],
      "/Users/fedorius/Work/interviews/restaurant-crossover/api-pos/lib/include/reporters/products.rb": [
        1,
        1,
        1,
        1,
        null,
        1,
        1,
        null,
        null,
        1,
        9,
        28,
        26,
        null,
        2,
        null,
        null,
        null,
        null,
        null,
        null,
        null,
        null,
        null,
        1,
        1,
        2,
        null,
        null,
        1,
        1,
        null,
        null,
        null,
        null
      ],
      "/Users/fedorius/Work/interviews/restaurant-crossover/api-pos/app/controllers/application_controller.rb": [
        1,
        1,
        1,
        1,
        null,
        1,
        31,
        null,
        null,
        1,
        1,
        31,
        null,
        null
      ],
      "/Users/fedorius/Work/interviews/restaurant-crossover/api-pos/app/controllers/v1/product_categories_controller.rb": [
        1,
        1,
        1,
        null,
        null
      ],
      "/Users/fedorius/Work/interviews/restaurant-crossover/api-pos/app/controllers/v1/products_controller.rb": [
        1,
        1,
        null,
        1,
        1,
        null,
        null,
        1,
        null,
        null,
        1,
        1,
        1,
        null,
        null,
        1,
        1,
        1,
        null,
        null,
        1,
        1,
        2,
        null,
        null,
        1,
        2,
        null,
        null
      ],
      "/Users/fedorius/Work/interviews/restaurant-crossover/api-pos/app/controllers/v1/reports_controller.rb": [
        1,
        1,
        null,
        1,
        1,
        1,
        null,
        null,
        null,
        null,
        null,
        1,
        null,
        null,
        1,
        1,
        null,
        null,
        1,
        1,
        1,
        null,
        null,
        1,
        1,
        1,
        null,
        null,
        1,
        0,
        0,
        0,
        null,
        null,
        1,
        1,
        2,
        null,
        null,
        1,
        2,
        null,
        null
      ],
      "/Users/fedorius/Work/interviews/restaurant-crossover/api-pos/app/controllers/v1/restaurant_controller.rb": [
        1,
        1,
        null,
        1,
        null,
        null,
        1,
        2,
        2,
        null,
        null,
        1,
        1,
        2,
        null,
        null,
        1,
        3,
        null,
        null
      ],
      "/Users/fedorius/Work/interviews/restaurant-crossover/api-pos/app/controllers/v1/table_consumption_controller.rb": [
        1,
        1,
        null,
        1,
        2,
        1,
        null,
        1,
        null,
        null,
        null,
        1,
        null,
        null,
        1,
        0,
        0,
        null,
        null,
        1,
        0,
        0,
        null,
        null,
        1,
        1,
        1,
        1,
        1,
        1,
        null,
        0,
        null,
        null,
        null,
        1,
        0,
        0,
        0,
        0,
        null,
        0,
        null,
        null,
        null,
        1,
        0,
        0,
        0,
        0,
        null,
        0,
        null,
        null,
        null,
        1,
        0,
        0,
        0,
        0,
        0,
        null,
        0,
        null,
        null,
        null,
        1,
        1,
        3,
        3,
        null,
        null,
        1,
        1,
        null,
        null,
        1,
        0,
        null,
        null,
        1,
        0,
        null,
        null
      ],
      "/Users/fedorius/Work/interviews/restaurant-crossover/api-pos/app/controllers/v1/tables_controller.rb": [
        1,
        1,
        null,
        1,
        1,
        null,
        null,
        1,
        null,
        null,
        1,
        0,
        0,
        null,
        null,
        1,
        1,
        1,
        1,
        null,
        null,
        1,
        1,
        0,
        null,
        null,
        1,
        0,
        null,
        null
      ],
      "/Users/fedorius/Work/interviews/restaurant-crossover/api-pos/app/controllers/v1/waiters_controller.rb": [
        1,
        1,
        null,
        1,
        1,
        null,
        null,
        1,
        null,
        null,
        1,
        1,
        1,
        null,
        null,
        1,
        1,
        1,
        null,
        null,
        1,
        1,
        2,
        null,
        null,
        1,
        2,
        null,
        null
      ]
    },
    "timestamp": 1475457795
  }
}
